<?xml version="1.0" encoding="UTF-8"?>
<!-- Generated by org.testng.reporters.JUnitReportReporter -->
<testsuite skipped="0" hostname="Sanket-PC" name="ArticleNumberTest" tests="5" failures="0" timestamp="05 Oct 2020 20:16:29 GMT" time="108.602" errors="0">
  <testcase name="checkBrowserInit" time="26.553" classname="ArticleNumberTest"/>
  <testcase name="verifySnowGlobeRedirection" time="7.305" classname="ArticleNumberTest"/>
  <testcase name="checkReleasePage" time="61.568" classname="ArticleNumberTest"/>
  <testcase name="checkArticleNumber" time="5.973" classname="ArticleNumberTest"/>
  <testcase name="checkBrowserClose" time="7.203" classname="ArticleNumberTest"/>
</testsuite> <!-- ArticleNumberTest -->
